[debug] [2023-06-29T06:05:46.567Z] ----------------------------------------------------------------------
[debug] [2023-06-29T06:05:46.570Z] Command:       C:\Program Files\nodejs\node.exe C:\Users\Puneeth Prabhu\AppData\Roaming\npm\node_modules\firebase-tools\lib\bin\firebase.js init
[debug] [2023-06-29T06:05:46.570Z] CLI Version:   12.4.1
[debug] [2023-06-29T06:05:46.571Z] Platform:      win32
[debug] [2023-06-29T06:05:46.571Z] Node Version:  v18.12.1
[debug] [2023-06-29T06:05:46.572Z] Time:          Thu Jun 29 2023 11:35:46 GMT+0530 (India Standard Time)
[debug] [2023-06-29T06:05:46.572Z] ----------------------------------------------------------------------
[debug] 
[debug] [2023-06-29T06:05:46.579Z] > command requires scopes: ["email","openid","https://www.googleapis.com/auth/cloudplatformprojects.readonly","https://www.googleapis.com/auth/firebase","https://www.googleapis.com/auth/cloud-platform"]
[debug] [2023-06-29T06:05:46.580Z] > authorizing via signed-in user (puneethprabhuk@gmail.com)
[info] 
     ######## #### ########  ######## ########     ###     ######  ########
     ##        ##  ##     ## ##       ##     ##  ##   ##  ##       ##
     ######    ##  ########  ######   ########  #########  ######  ######
     ##        ##  ##    ##  ##       ##     ## ##     ##       ## ##
     ##       #### ##     ## ######## ########  ##     ##  ######  ########

You're about to initialize a Firebase project in this directory:

  C:\Projects\Express\cms-server

Before we get started, keep in mind:

  * You are currently outside your home directory

